https://www.caranddriver.com/afeela/ev-sedan/specs/
https://www.caranddriver.com/alfa-romeo/8c/specs
https://www.caranddriver.com/alfa-romeo/33-stradale/specs
https://www.caranddriver.com/alfa-romeo/gtv/specs
https://www.caranddriver.com/aston-martin/one-77/specs
https://www.caranddriver.com/aston-martin/valhalla/specs
https://www.caranddriver.com/aston-martin/valkyrie/specs
https://www.caranddriver.com/audi/a6-e-tron/specs
https://www.caranddriver.com/audi/q6-e-tron/specs
https://www.caranddriver.com/bentley/continental-gt-speed/specs
https://www.caranddriver.com/bmw/6-series-gran-coupe/specs
https://www.caranddriver.com/bmw/i8-m/specs
https://www.caranddriver.com/bollinger/b1/specs
https://www.caranddriver.com/bollinger/b2/specs
https://www.caranddriver.com/bugatti/chiron/specs
https://www.caranddriver.com/bugatti/divo/specs
https://www.caranddriver.com/bugatti/veyron/specs
https://www.caranddriver.com/buick/electra-e5/specs
https://www.caranddriver.com/buick/regal/specs
https://www.caranddriver.com/byton/m-byte/specs
