https://www.caranddriver.com/afeela/ev-sedan/specs/
https://www.caranddriver.com/alfa-romeo/8c/specs
https://www.caranddriver.com/alfa-romeo/33-stradale/specs
https://www.caranddriver.com/alfa-romeo/gtv/specs
https://www.caranddriver.com/aston-martin/one-77/specs
https://www.caranddriver.com/aston-martin/valhalla/specs
https://www.caranddriver.com/aston-martin/valkyrie/specs
https://www.caranddriver.com/audi/a6-e-tron/specs
https://www.caranddriver.com/audi/q6-e-tron/specs
https://www.caranddriver.com/bentley/continental-gt-speed/specs
https://www.caranddriver.com/bmw/6-series-gran-coupe/specs
https://www.caranddriver.com/bmw/i8-m/specs
https://www.caranddriver.com/bollinger/b1/specs
https://www.caranddriver.com/bollinger/b2/specs
https://www.caranddriver.com/bugatti/chiron/specs
https://www.caranddriver.com/bugatti/divo/specs
https://www.caranddriver.com/bugatti/veyron/specs
https://www.caranddriver.com/buick/electra-e5/specs
https://www.caranddriver.com/buick/regal/specs
https://www.caranddriver.com/byton/m-byte/specs
https://www.caranddriver.com/cadillac/celestiq/specs
https://www.caranddriver.com/cadillac/escalade-iq/specs
https://www.caranddriver.com/chevrolet/camaro-suv/specs
https://www.caranddriver.com/chevrolet/corvette-ev/specs
https://www.caranddriver.com/chevrolet/corvette-suv/specs
https://www.caranddriver.com/chevrolet/equinox-ev/specs
https://www.caranddriver.com/chevrolet/silverado-ev/specs
https://www.caranddriver.com/chrysler/airflow/specs
https://www.caranddriver.com/dodge/durango-srt-2023/specs
https://www.caranddriver.com/ferrari/daytona-sp3/specs
https://www.caranddriver.com/ferrari/purosangue/specs
https://www.caranddriver.com/ferrari/sf90-stradale/specs
https://www.caranddriver.com/fiat/500-500c-abarth/specs
https://www.caranddriver.com/fisker/alaska/specs
https://www.caranddriver.com/fisker/pear/specs
https://www.caranddriver.com/fisker/ronin/specs
https://www.caranddriver.com/ford/focus-active/specs
https://www.caranddriver.com/ford/fusion-active/specs
https://www.caranddriver.com/ford/gt/specs
https://www.caranddriver.com/ford/mustang-gtd/specs
https://www.caranddriver.com/ford/mustang-raptor-raptor-r/specs
https://www.caranddriver.com/ford/puma/specs
https://www.caranddriver.com/genesis/gt90/specs
https://www.caranddriver.com/genesis/gv80-coupe/specs
https://www.caranddriver.com/genesis/gv90/specs
https://www.caranddriver.com/gmc/sierra-ev/specs
https://www.caranddriver.com/honda/fcx-clarity/specs
https://www.caranddriver.com/honda/prologue/specs
https://www.caranddriver.com/hummer/h2/specs
https://www.caranddriver.com/hyundai/ioniq-5-n/specs
https://www.caranddriver.com/hyundai/ioniq-7/specs
https://www.caranddriver.com/hyundai/rm20-n/specs
https://www.caranddriver.com/hyundai/santa-fe-hybrid/specs
https://www.caranddriver.com/hyundai/tucson-fuel-cell/specs
https://www.caranddriver.com/jaguar/f-type-r-svr-2019/specs
https://www.caranddriver.com/jaguar/j-pace/specs
https://www.caranddriver.com/jeep/grand-cherokee/specs
https://www.caranddriver.com/jeep/recon-ev/specs
https://www.caranddriver.com/jeep/wagoneer-ev/specs
https://www.caranddriver.com/kia/ev5/specs
https://www.caranddriver.com/kia/ev9/specs
https://www.caranddriver.com/kia/stinger/specs
https://www.caranddriver.com/koenigsegg/jesko/specs
https://www.caranddriver.com/koenigsegg/regera/specs
https://www.caranddriver.com/lamborghini/countach/specs
https://www.caranddriver.com/lamborghini/lanzador/specs
https://www.caranddriver.com/lamborghini/revuelto/specs
https://www.caranddriver.com/lamborghini/sian/specs
https://www.caranddriver.com/land-rover/defender-80/specs
https://www.caranddriver.com/land-rover/range-rover-ev/specs
https://www.caranddriver.com/land-rover/range-rover-supercharged/specs
https://www.caranddriver.com/lexus/ev-supercar/specs
https://www.caranddriver.com/lexus/tx/specs
https://www.caranddriver.com/lexus/tz/specs
https://www.caranddriver.com/lincoln/star/specs
https://www.caranddriver.com/lotus/eletre/specs
https://www.caranddriver.com/lotus/emeya/specs
https://www.caranddriver.com/lotus/evija/specs
https://www.caranddriver.com/lotus/type-135/specs
https://www.caranddriver.com/lucid-motors/air-2023/specs
https://www.caranddriver.com/lucid-motors/gravity/specs
https://www.caranddriver.com/maserati/granturismo-folgore/specs
https://www.caranddriver.com/maserati/grecale-folgore/specs
https://www.caranddriver.com/mazda/cx-70/specs
https://www.caranddriver.com/mclaren/12c/specs
https://www.caranddriver.com/mclaren/750s/specs
https://www.caranddriver.com/mclaren/elva/specs
https://www.caranddriver.com/mclaren/p1/specs
https://www.caranddriver.com/mclaren/senna/specs
https://www.caranddriver.com/mclaren/speedtail/specs
https://www.caranddriver.com/mercedes-amg/c43/specs
https://www.caranddriver.com/mercedes-amg/c63/specs
https://www.caranddriver.com/mercedes-amg/cls53-4matic/specs
https://www.caranddriver.com/mercedes-amg/gt-r/specs
https://www.caranddriver.com/mercedes-benz/cle-class/specs
https://www.caranddriver.com/mercedes-benz/e-class/specs
https://www.caranddriver.com/mercedes-benz/e-class-wagon/specs
https://www.caranddriver.com/mercedes-benz/eqa/specs
https://www.caranddriver.com/mercedes-benz/eqc/specs
https://www.caranddriver.com/mercedes-benz/eqg/specs
https://www.caranddriver.com/mercedes-benz/f-cell/specs
https://www.caranddriver.com/mercedes-benz/gla45-amg/specs
https://www.caranddriver.com/mercedes-maybach/eqs-suv/specs
https://www.caranddriver.com/mercedes-maybach/sl-class/specs
https://www.caranddriver.com/mini/aceman/specs
https://www.caranddriver.com/mini/countryman-electric/specs
https://www.caranddriver.com/nikola/badger/specs
https://www.caranddriver.com/pagani/huayra/specs
https://www.caranddriver.com/pagani/utopia/specs
https://www.caranddriver.com/polestar/polestar-3/specs
https://www.caranddriver.com/polestar/polestar-4/specs
https://www.caranddriver.com/polestar/polestar-5/specs
https://www.caranddriver.com/polestar/polestar-6/specs
https://www.caranddriver.com/nissan/sentra-nismo/specs
https://www.caranddriver.com/porsche/718-ev/specs
https://www.caranddriver.com/porsche/cayenne-ev/specs
https://www.caranddriver.com/porsche/macan-ev/specs
https://www.caranddriver.com/ram/1500-rev/specs
https://www.caranddriver.com/ram/promaster-ev/specs
https://www.caranddriver.com/ram/rampage/specs
https://www.caranddriver.com/rimac/nevera/specs
https://www.caranddriver.com/rivian/r2s/specs
https://www.caranddriver.com/rolls-royce/spectre/specs
https://www.caranddriver.com/scout/pickup/specs
https://www.caranddriver.com/scout/suv/specs
https://www.caranddriver.com/spyker/c8/specs
https://www.caranddriver.com/toyota/bz3x/specs
https://www.caranddriver.com/toyota/bz5x/specs
https://www.caranddriver.com/toyota/compact-cruiser/specs
https://www.caranddriver.com/toyota/corolla-pickup/specs
https://www.caranddriver.com/toyota/prius-v/specs
https://www.caranddriver.com/toyota/tacoma-electric/specs
https://www.caranddriver.com/vinfast/vf6/specs
https://www.caranddriver.com/vinfast/vf7/specs
https://www.caranddriver.com/volkswagen/id-7/specs
https://www.caranddriver.com/volkswagen/id-8/specs
https://www.caranddriver.com/volkswagen/id-buzz/specs
https://www.caranddriver.com/volvo/ex30/specs
https://www.caranddriver.com/volvo/ex90/specs
